#
# A fatal error has been detected by the Java Runtime Environment:
#
#  EXCEPTION_ACCESS_VIOLATION (0xc0000005) at pc=0x000000005ce0285c, pid=4272, tid=10244
#
# JRE version: Java(TM) SE Runtime Environment (8.0_25-b18) (build 1.8.0_25-b18)
# Java VM: Java HotSpot(TM) 64-Bit Server VM (25.25-b02 mixed mode windows-amd64 compressed oops)
# Problematic frame:
# C  [jdwp.dll+0x2285c]
#
# Failed to write core dump. Minidumps are not enabled by default on client versions of Windows
#
# If you would like to submit a bug report, please visit:
#   http://bugreport.sun.com/bugreport/crash.jsp
# The crash happened outside the Java Virtual Machine in native code.
# See problematic frame for where to report the bug.
#

---------------  T H R E A D  ---------------

Current thread (0x00000000589ce000):  JavaThread "JDWP Command Reader" daemon [_thread_in_native, id=10244, stack(0x0000000059360000,0x0000000059460000)]

siginfo: ExceptionCode=0xc0000005, reading address 0x0000000000000000

Registers:
RAX=0x000000005ce0f590, RBX=0x000000000000000c, RCX=0x0000000000000000, RDX=0x0000000000000028
RSP=0x000000005945f3a0, RBP=0x000000005ce091a8, RSI=0x0000000000000004, RDI=0x0000000073a033c0
